<?xml version="1.0" encoding="UTF-8"?>
<!-- Generated by org.testng.reporters.JUnitReportReporter -->
<testsuite skipped="0" hostname="Anamika" name="com.yo.qa.testcases.HomePageTest" tests="2" failures="0" timestamp="25 Mar 2020 13:12:45 GMT" time="27.016" errors="0">
  <testcase name="skipSighInTest" time="18.006" classname="com.yo.qa.testcases.HomePageTest"/>
  <testcase name="HomepageTitleTest" time="9.010" classname="com.yo.qa.testcases.HomePageTest"/>
</testsuite> <!-- com.yo.qa.testcases.HomePageTest -->
