<?xml version="1.0" encoding="UTF-8"?>
<!-- Generated by org.testng.reporters.JUnitReportReporter -->
<testsuite skipped="0" hostname="Anamika" name="com.yo.qa.testcases.RegistrationPageTest" tests="3" failures="0" timestamp="06 Apr 2020 07:18:21 GMT" time="70.830" errors="0">
  <testcase name="registrationtest" time="30.224" classname="com.yo.qa.testcases.RegistrationPageTest"/>
  <testcase name="refreshfunction" time="24.216" classname="com.yo.qa.testcases.RegistrationPageTest"/>
  <testcase name="registrationPageTitleTest" time="16.390" classname="com.yo.qa.testcases.RegistrationPageTest"/>
</testsuite> <!-- com.yo.qa.testcases.RegistrationPageTest -->
